nohup: ignoring input
/tartarus/ianhy/github/general_test_granger_pipeline/general_granger_pipeline/SINK.py:46: RuntimeWarning: invalid value encountered in true_divide
  result = np.divide(np.real(r), (np.linalg.norm(x) * np.linalg.norm(y)))
0.9017857142857143 0.9017857142857143
0.9214285714285709 0.9128869047619046
0.9205357142857146 0.9093257511337872
0.9863392857142853 0.9842409782553674
0.8973214285714286 0.8973214285714286
0.9142857142857135 0.9027083333333329
0.9125000000000003 0.8981416524943313
0.9915178571428563 0.9905103766663682
0.9241071428571429 0.9241071428571429
0.9357142857142852 0.9273214285714284
0.9169642857142862 0.9095758928571434
0.9943749999999992 0.9932620935509701
0.8883928571428571 0.8883928571428571
0.892857142857142 0.8755654761904755
0.8883928571428573 0.8752969104308393
0.9912499999999996 0.99042520448566
0.9285714285714286 0.9285714285714286
0.9303571428571421 0.9227678571428569
0.9196428571428575 0.9126608560090707
0.990446428571428 0.9894128708961621
0.9107142857142857 0.9107142857142857
0.9267857142857137 0.9177976190476187
0.9196428571428577 0.9097073412698419
0.9923214285714279 0.9907755824197085
0.9107142857142857 0.9107142857142857
0.9232142857142852 0.9117559523809524
0.9151785714285718 0.9066425736961456
0.9899999999999993 0.9891431570066249
0.8794642857142857 0.8794642857142857
0.9160714285714278 0.9081845238095232
0.9142857142857146 0.9061082766439913
0.9917857142857134 0.9909177022631205
0.9196428571428571 0.9196428571428571
0.9089285714285708 0.8943452380952379
0.9133928571428575 0.899450467687075
0.9943749999999995 0.9934275840730196
0.8571428571428571 0.8571428571428571
0.9071428571428565 0.8930059523809518
0.891071428571429 0.8828000992063495
0.9866964285714286 0.9851160377458943
0.8839285714285714 0.8839285714285714
0.9178571428571421 0.9090773809523804
0.9142857142857145 0.9037489370748304
0.9882142857142849 0.9869919450023904
0.8883928571428571 0.8883928571428571
0.9017857142857135 0.8876190476190471
0.9125000000000004 0.9039866780045356
0.990535714285714 0.9892267849535229
0.8973214285714286 0.8973214285714286
0.8982142857142849 0.8876785714285712
0.8946428571428575 0.8860409580498871
0.9901785714285711 0.9891855996692465
0.8571428571428571 0.8571428571428571
0.9124999999999994 0.9024999999999995
0.9107142857142859 0.9003419075963723
0.9896428571428568 0.9874327932061308
0.8973214285714286 0.8973214285714286
0.9035714285714279 0.8918749999999995
0.8982142857142862 0.8830647675736966
0.9874999999999997 0.9862683601964924
0.875 0.875
0.9214285714285707 0.9129166666666663
0.9241071428571435 0.9163403486394562
0.9855357142857135 0.9843264872175156
0.9285714285714286 0.9285714285714286
0.8714285714285704 0.8537499999999998
0.8964285714285715 0.8792963435374148
0.9905357142857134 0.989495937882474
0.9196428571428571 0.9196428571428571
0.9232142857142851 0.914583333333333
0.9071428571428574 0.897606292517007
0.9830357142857137 0.9812106301970763
0.8794642857142857 0.8794642857142857
0.9017857142857134 0.8872321428571422
0.9053571428571432 0.890139951814059
0.9906249999999994 0.9897834068375558
0.9241071428571429 0.9241071428571429
0.935714285714285 0.9300892857142854
0.9375000000000002 0.9312184665532881
0.991875 0.990881485969744
0.9508928571428571 0.9508928571428571
0.9339285714285709 0.9270833333333328
0.9187500000000007 0.9118211451247171
0.9871428571428559 0.9846463016794945
0.8973214285714286 0.8973214285714286
0.9017857142857136 0.8887499999999996
0.9026785714285719 0.8845514455782318
0.9905357142857135 0.9896942681810813
0.9151785714285714 0.9151785714285714
0.8999999999999992 0.889821428571428
0.9044642857142862 0.890317106009071
0.9900892857142847 0.9892117858827986
0.9196428571428571 0.9196428571428571
0.9196428571428567 0.9113690476190476
0.9098214285714292 0.9004896541950117
0.988928571428571 0.9877245870328515
0.8928571428571429 0.8928571428571429
0.9053571428571423 0.8972619047619045
0.9026785714285718 0.8911348497732426
0.9824107142857139 0.9810853482129166
0.9419642857142857 0.9419642857142857
0.9357142857142852 0.9294642857142857
0.9178571428571433 0.9095064484126986
0.9911607142857137 0.989543347700885
0.875 0.875
0.8964285714285706 0.8845238095238088
0.9053571428571432 0.8997626133786852
0.9885714285714278 0.9876348800717325
0.9017857142857143 0.9017857142857143
0.8874999999999993 0.8725595238095237
0.8901785714285719 0.8770882936507942
0.988839285714285 0.987418846001134
0.8705357142857143 0.8705357142857143
0.842857142857142 0.808928571428571
0.8669642857142854 0.8376668792517006
0.9813392857142852 0.9785488542779139
0.9151785714285714 0.9151785714285714
0.9196428571428564 0.9066369047619042
0.9053571428571432 0.8908269557823131
0.9941071428571425 0.9936515983184127
0.8883928571428571 0.8883928571428571
0.8999999999999991 0.8882142857142853
0.8901785714285718 0.8758301445578238
0.9916964285714275 0.990246791400484
0.9151785714285714 0.9151785714285714
0.9142857142857137 0.9070535714285712
0.9258928571428576 0.9197434807256242
0.9854464285714283 0.9834087490118194
0.8348214285714286 0.8348214285714286
0.8410714285714277 0.8173511904761898
0.8401785714285716 0.8248660714285715
0.9833928571428567 0.9812931169663539
0.8482142857142857 0.8482142857142857
0.8482142857142847 0.8280357142857134
0.8580357142857145 0.8415816326530615
0.9828571428571423 0.9808913186336864
0.7946428571428571 0.7946428571428571
0.8339285714285705 0.8131845238095231
0.8544642857142858 0.8267322137188209
0.9809821428571427 0.9779639088465141
0.8169642857142857 0.8169642857142857
0.8321428571428563 0.8084523809523801
0.8330357142857142 0.8156632653061227
0.9866071428571423 0.9839870020946552
0.8839285714285714 0.8839285714285714
0.8589285714285706 0.8428869047619042
0.8473214285714284 0.8334119897959184
0.9784821428571421 0.975256777974483
0.84375 0.84375
0.8374999999999994 0.8171130952380948
0.8651785714285716 0.8414080215419502
0.9874107142857136 0.9864826101961647
0.8482142857142857 0.8482142857142857
0.8160714285714276 0.7930654761904758
0.8312499999999998 0.8137213010204085
0.982946428571428 0.9792637797589389
0.8303571428571429 0.8303571428571429
0.8339285714285706 0.8197023809523805
0.8419642857142858 0.8262854308390022
0.9824999999999999 0.9794435130269632
0.8303571428571429 0.8303571428571429
0.8142857142857133 0.7892559523809518
0.825 0.8077008928571431
0.980714285714285 0.9771534874558742
0.84375 0.84375
0.8214285714285708 0.7976785714285711
0.8107142857142857 0.7866503684807258
0.9822321428571428 0.9789523165530261
0.8348214285714286 0.8348214285714286
0.8267857142857133 0.8037499999999996
0.8312499999999999 0.8133173894557825
0.9823214285714281 0.9783119057544992
0.8348214285714286 0.8348214285714286
0.7910714285714279 0.770267857142857
0.8107142857142854 0.7895960884353741
0.980982142857143 0.9778627205635766
0.8526785714285714 0.8526785714285714
0.8428571428571422 0.8170833333333328
0.8553571428571427 0.8335721371882086
0.9855357142857136 0.9823654523575932
0.8214285714285714 0.8214285714285714
0.8196428571428563 0.8023214285714281
0.8267857142857141 0.8107270408163263
0.9809821428571427 0.975530225613629
0.8571428571428571 0.8571428571428571
0.8249999999999992 0.8093749999999993
0.8241071428571426 0.8037234268707483
0.9863392857142854 0.9839176551271789
0.875 0.875
0.8571428571428561 0.8430952380952376
0.8464285714285713 0.8309314767573696
0.9866071428571423 0.9847768615390396
Traceback (most recent call last):
  File "granger_pipeline.py", line 103, in <module>
    main()
  File "granger_pipeline.py", line 99, in main
    run_test(dataset_dict)
  File "granger_pipeline.py", line 77, in run_test
    brute_results, result_by_neighbor = general_test(causaldb, effectdb, trueMat, best_gamma = BEST_GAMMA, neighbor_param= NEIGHBORS,lag = lagged, pval=alpha_level)
  File "/tartarus/ianhy/github/general_test_granger_pipeline/general_granger_pipeline/Causal_Test.py", line 36, in general_test
    bruteMat = general_granger_matrix(Cause_TS,Effect_TS, lag,pval=pval)
  File "/tartarus/ianhy/github/general_test_granger_pipeline/general_granger_pipeline/Causal_inference.py", line 188, in general_granger_matrix
    gr_mat[i,j] = granger_causality(Effect_TS[j], Cause_TS[i], lag, pval=pval, check_one_lag=check_one_lag)
  File "/tartarus/ianhy/github/general_test_granger_pipeline/general_granger_pipeline/Causal_inference.py", line 72, in granger_causality
    res = grangercausalitytests(df, lag, verbose=False)
  File "/home/ianhy/.local/lib/python3.7/site-packages/statsmodels/tsa/stattools.py", line 1418, in grangercausalitytests
    "The Granger causality test statistic cannot be compute "
statsmodels.tools.sm_exceptions.InfeasibleTestError: The Granger causality test statistic cannot be compute because the VAR has a perfect fit of the data.
